湖南爱晚,http://phoneqq.qing.mgtv.com/nn_live/nn_x64/dWlwPTEwNi4xNC4zOC41NSZ0ZXJtPTUmcWlkPSZjZG5leF9pZD1xcV9waG9uZV9saXZlJmNocz0mZGVmPTEmcz1hOWIxNTIxOWE2YmI2NzAzOGFlM2FiZGU1YzQ0ZGRjZCZ1aWQ9JnV1aWQ9NTcwNTEzMzJhYjIzNmJkZWIyYTk0MzA4MTZjM2Q0YTAtNmEwZTI2Mzcmdj0yJmFzPTAmZXM9MTc2OTEyOTcwNQ,,/HNGGMPP360.m3u8
湖南都市,http://phonehwei.qing.mgtv.com/nn_live/nn_x64/dWlwPTEwNi4xNC4zOC41NSZ0ZXJtPTUmcWlkPSZjZG5leF9pZD1od19waG9uZSZjaHM9JmRlZj0xJnM9YmUzYTlhYjE4M2Y5MjA0MGJmYmI1Njc0ZWQwYmU3M2ImdWlkPSZ1dWlkPTNmN2Y5OGYxYTFiYWNiNDFmM2QzNzZhNGZlNzAyN2RhLTZhMGUyNjM3JnY9MiZhcz0wJmVzPTE3NjkxMzAwMjI,/HNDSMPP360.m3u8
湖南娱乐频道,http://phoneqq.qing.mgtv.com/nn_live/nn_x64/dWlwPTEwNi4xNC4zOC41NSZ0ZXJtPTUmcWlkPSZjZG5leF9pZD1xcV9waG9uZV9saXZlJmNocz0mZGVmPTEmcz00ZTdjM2Q1OTkxMDJmN2RjYzI0YzgxZjhmNDEyMmMyMyZ1aWQ9JnV1aWQ9Y2YwM2Y0YjM2ODQzNWYxZWM5MDIwNzQ3MmQ1MTc4ZjgtNmEwZTI2Mzcmdj0yJmFzPTAmZXM9MTc2OTE0MjY0MQ,,/HNYLMPP360.m3u8
湖南经视,http://phoneal.qing.mgtv.com/nn_live/nn_x64/dWlwPTEwNi4xNC4zOC41NSZ0ZXJtPTUmcWlkPSZyYXV0aF9lbmFibGU9b24mY2RuZXhfaWQ9YWxfcGhvbmUzJmNocz0mZGVmPTEmcz1jYTBhZjFjNWI3MzhhYTk4Y2Q0NjI3ZmQ2MDIyYzJkNSZ1aWQ9JnV1aWQ9MGRkMWEzM2VkMjE4NmIwNDIzNjg4NjQ5NWM5MmUxYTMtNmEwZTI2Mzcmdj0yJmFzPTAmZXM9MTc2OTE0ODAyMw,,/HNJSMPP360.m3u8
金鹰卡通,http://phoneqq.qing.mgtv.com/nn_live/nn_x64/dWlwPTEwNi4xNC4zOC41NSZ0ZXJtPTUmcWlkPSZyYXV0aF9lbmFibGU9b2ZmJmNkbmV4X2lkPXFxX3Bob25lX2xpdmUmY2hzPSZkZWY9MSZzPTY3YjEwNWM1NWViOTg0YzU5NjZiMTEzY2Q1OTk0YzdlJnVpZD0mdXVpZD04YWJiZWIwNTIzNGQxNjNmM2RmOWVjNjFjNzM4YThmNS02YTBlMjYzNyZ2PTImYXM9MCZlcz0xNzY5MTMwMjU4/JYKTMPP360.m3u8
湖南国际频道,http://phonehwei.qing.mgtv.com/nn_live/nn_x64/dWlwPTEwNi4xNC4zOC41NSZ0ZXJtPTUmcWlkPSZjZG5leF9pZD1od19waG9uZSZjaHM9JmRlZj0xJnM9MTQyODAxMmY2YjE4NjlhZDFlZTQ1NmQ0ODIxMThiYmQmdWlkPSZ1dWlkPWRkMGQxYzA1MjJlN2IwNWRmNGY4Y2FkNjYzZWVjOWZjLTZhMGUyNjM3JnY9MiZhcz0wJmVzPTE3NjkxMzY5NDc,/HNGJMPP360.m3u8
湖南电视剧,http://phoneqq.qing.mgtv.com/nn_live/nn_x64/dWlwPTEwNi4xNC4zOC41NSZ0ZXJtPTUmcWlkPSZyYXV0aF9lbmFibGU9b2ZmJmNkbmV4X2lkPXFxX3Bob25lX2xpdmUmY2hzPSZkZWY9MSZzPWQ0Y2JmZWZkNzA2ZTRkODBmNTdlZTkzNTUzYzJkZjQxJnVpZD0mdXVpZD1hODQwZGIzMzEyYWFiMDJkOWMyNTBmOWNkMzY0YTY1ZC02YTBlMjYzNyZ2PTImYXM9MCZlcz0xNzY5MTQyMTc5/HNDSJMPP360.m3u8
长沙新闻频道,http://phoneqq.qing.mgtv.com/nn_live/nn_x64/dWlwPTEwNi4xNC4zOC41NSZ0ZXJtPTUmcWlkPSZjZG5leF9pZD1xcV9waG9uZV9saXZlJmNocz0mZGVmPTEmcz0wYzhlODU3YmJlMTNjYzkwYTAxYWU4MDJiZTAwODkxNSZ1aWQ9JnV1aWQ9MDA3YzIyMTJlYTVjMzg0MjQyNWQ2NGRlNTU1OTU1MjgtNmEwZTI2Mzcmdj0yJmFzPTAmZXM9MTc2OTE0MDkzNw,,/CSXWMPP360.m3u8
澳门卫视,http://61.244.22.4/ch1/ch1.live/playlist.m3u8
Pet Club TV,https://cdn-apse1-prod.tsv2.amagi.tv/linear/amg01076-lightningintern-petclub-samsungnz/playlist.m3u8
Bloomberg TV Asia,http://210.210.155.37/dr9445/h/h03/index.m3u8
KIX,http://210.210.155.37/dr9445/h/h07/index.m3u8
HKS,http://zhibo.hkstv.tv/livestream/mutfysrq/playlist.m3u8
Celestial Movies,http://210.210.155.37/dr9445/h/h14/index.m3u8
tvN Movies Asia,http://210.210.155.37/dr9445/h/h21/index.m3u8
TVB News,http://r.jdshipin.com/CkuBd
Good,https://live.streamingfast.net/osmflivech1.m3u8
Good 2,https://live.streamingfast.net/osmflivech2.m3u8
Beautiful Life TV,https://5ddce30eb4b55.streamlock.net/bltvhd/bltv1/playlist.m3u8
Supreme Master TV,https://lbs-us1.suprememastertv.com/720p.m3u8
TVBS-Asia,http://38.64.72.148/hls/modn/list/4005/playlist.m3u8
Taiwan Plus TV,https://raw.githubusercontent.com/ChiSheng9/iptv/master/TV78.m3u8
Genius Go Go Go,https://raw.githubusercontent.com/ChiSheng9/iptv/master/TV26.m3u8
DaAi 1,https://pulltv1.wanfudaluye.com/live/tv1.m3u8
DaAi 2,https://pulltv2.wanfudaluye.com/live/tv2.m3u8
Dali TV,http://www.dalitv.com.tw:4568/live/dali/index.m3u8
EBC YOYO,https://ythls.armelin.one/channel/UCiWRSesvSYmY7YOyz0tv_zQ.m3u8
CTi News,https://raw.githubusercontent.com/ChiSheng9/iptv/master/TV28.m3u8
FTV News,https://ythls.armelin.one/channel/UC2VmWn8dAqkzlQqvy02E1PA.m3u8
Global News,https://raw.githubusercontent.com/ChiSheng9/iptv/master/TV02.m3u8
SET iNews,https://ythls.armelin.one/channel/UCoNYj9OFHZn3ACmmeRCPwbA.m3u8
TTV News,https://ythls.armelin.one/channel/UC8ROUUjHzEQm-ndb69CX8Ww.m3u8
mnews,https://ythls.armelin.one/channel/UC4LjkybVKXCDlneVXlKAbmw.m3u8
ET Mall 60,https://raw.githubusercontent.com/ChiSheng9/iptv/master/TV18.m3u8
寰宇新闻台,https://raw.githubusercontent.com/ChiSheng9/iptv/master/TV02.m3u8
东森财经新闻,https://raw.githubusercontent.com/ChiSheng9/iptv/master/TV03.m3u8
Momo 1,https://raw.githubusercontent.com/ChiSheng9/iptv/master/TV04.m3u8
Momo 2,https://raw.githubusercontent.com/ChiSheng9/iptv/master/TV05.m3u8
信大,https://raw.githubusercontent.com/ChiSheng9/iptv/master/TV07.m3u8
DW,https://raw.githubusercontent.com/ChiSheng9/iptv/master/TV08.m3u8
中视新闻,https://raw.githubusercontent.com/ChiSheng9/iptv/master/TV09.m3u8
NU,https://raw.githubusercontent.com/ChiSheng9/iptv/master/TV10.m3u8
NU2,https://raw.githubusercontent.com/ChiSheng9/iptv/master/TV14.m3u8
华视HD,https://raw.githubusercontent.com/ChiSheng9/iptv/master/TV12.m3u8
JP1,https://raw.githubusercontent.com/ChiSheng9/iptv/master/TV15.m3u8
KPop,https://raw.githubusercontent.com/ChiSheng9/iptv/master/TV16.m3u8
民视新闻HD,https://raw.githubusercontent.com/ChiSheng9/iptv/master/TV17.m3u8
凤凰资讯,http://api.mg.itv888.cn:8080/hls/11ef1dc70d8/index.m3u8
凤凰中文,http://api.mg.itv888.cn:8080/hls/2f80047f91e/index.m3u8
海峡卫视,https://live1-fuyun.fjtv.net/haixiapd/hd/live.m3u8?_upt=ee40f4c81769129659
