Category: 央视频道, Name: CCTV-1, Total: 11, Valid: 11, Valid Percent: 100.00%, Whitelist: 0, IPv4: 11, IPv6: 0, Min Delay: 25 ms, Max Speed: 36.49 M/s, Avg Speed: 4.58 M/s, Max Resolution: 1920x1080
Category: 央视频道, Name: CCTV-2, Total: 11, Valid: 11, Valid Percent: 100.00%, Whitelist: 0, IPv4: 11, IPv6: 0, Min Delay: 465 ms, Max Speed: 9.11 M/s, Avg Speed: 2.45 M/s, Max Resolution: 1920x1080
Category: 央视频道, Name: CCTV-3, Total: 11, Valid: 11, Valid Percent: 100.00%, Whitelist: 0, IPv4: 11, IPv6: 0, Min Delay: 29 ms, Max Speed: 32.28 M/s, Avg Speed: 5.51 M/s, Max Resolution: 1920x1080
Category: 央视频道, Name: CCTV-4, Total: 13, Valid: 9, Valid Percent: 69.23%, Whitelist: 0, IPv4: 13, IPv6: 0, Min Delay: 966 ms, Max Speed: 4.71 M/s, Avg Speed: 0.71 M/s, Max Resolution: 3840x2160
Category: 央视频道, Name: CCTV-5, Total: 12, Valid: 11, Valid Percent: 91.67%, Whitelist: 0, IPv4: 12, IPv6: 0, Min Delay: 97 ms, Max Speed: 35.49 M/s, Avg Speed: 6.28 M/s, Max Resolution: 1920x1080
Category: 央视频道, Name: CCTV-7, Total: 8, Valid: 8, Valid Percent: 100.00%, Whitelist: 0, IPv4: 8, IPv6: 0, Min Delay: 95 ms, Max Speed: 29.80 M/s, Avg Speed: 4.53 M/s, Max Resolution: 1920x1080
Category: 央视频道, Name: CCTV-5+, Total: 7, Valid: 7, Valid Percent: 100.00%, Whitelist: 0, IPv4: 7, IPv6: 0, Min Delay: 10082 ms, Max Speed: 0.18 M/s, Avg Speed: 0.05 M/s, Max Resolution: 1920x1080
Category: 央视频道, Name: CCTV-6, Total: 7, Valid: 7, Valid Percent: 100.00%, Whitelist: 0, IPv4: 7, IPv6: 0, Min Delay: 528 ms, Max Speed: 5.07 M/s, Avg Speed: 1.35 M/s, Max Resolution: 1920x1080
Category: 央视频道, Name: CCTV-8, Total: 6, Valid: 6, Valid Percent: 100.00%, Whitelist: 0, IPv4: 6, IPv6: 0, Min Delay: 442 ms, Max Speed: 8.06 M/s, Avg Speed: 1.43 M/s, Max Resolution: 1920x1080
Category: 央视频道, Name: CCTV-9, Total: 9, Valid: 9, Valid Percent: 100.00%, Whitelist: 0, IPv4: 9, IPv6: 0, Min Delay: 99 ms, Max Speed: 27.26 M/s, Avg Speed: 3.60 M/s, Max Resolution: 1920x1080
Category: 央视频道, Name: CCTV-10, Total: 8, Valid: 8, Valid Percent: 100.00%, Whitelist: 0, IPv4: 8, IPv6: 0, Min Delay: 90 ms, Max Speed: 21.53 M/s, Avg Speed: 3.58 M/s, Max Resolution: 1920x1080
Category: 央视频道, Name: CCTV-11, Total: 6, Valid: 6, Valid Percent: 100.00%, Whitelist: 0, IPv4: 6, IPv6: 0, Min Delay: 788 ms, Max Speed: 4.63 M/s, Avg Speed: 1.57 M/s, Max Resolution: 1920x1080
Category: 央视频道, Name: CCTV-12, Total: 9, Valid: 9, Valid Percent: 100.00%, Whitelist: 0, IPv4: 9, IPv6: 0, Min Delay: 89 ms, Max Speed: 22.60 M/s, Avg Speed: 3.55 M/s, Max Resolution: 1920x1080
Category: 央视频道, Name: CCTV-13, Total: 5, Valid: 5, Valid Percent: 100.00%, Whitelist: 0, IPv4: 5, IPv6: 0, Min Delay: 368 ms, Max Speed: 10.84 M/s, Avg Speed: 2.49 M/s, Max Resolution: 1920x1080
Category: 央视频道, Name: CETV-1, Total: 1, Valid: 1, Valid Percent: 100.00%, Whitelist: 0, IPv4: 1, IPv6: 0, Min Delay: 438 ms, Max Speed: 0.01 M/s, Avg Speed: 0.01 M/s, Max Resolution: 1920x1080
Category: 央视频道, Name: CETV-4, Total: 1, Valid: 1, Valid Percent: 100.00%, Whitelist: 0, IPv4: 1, IPv6: 0, Min Delay: 401 ms, Max Speed: 0.14 M/s, Avg Speed: 0.14 M/s, Max Resolution: 1920x1080
Category: 央视频道, Name: CCTV-15, Total: 7, Valid: 7, Valid Percent: 100.00%, Whitelist: 0, IPv4: 7, IPv6: 0, Min Delay: 87 ms, Max Speed: 23.73 M/s, Avg Speed: 5.47 M/s, Max Resolution: 1920x1080
Category: 央视频道, Name: CCTV-17, Total: 5, Valid: 5, Valid Percent: 100.00%, Whitelist: 0, IPv4: 5, IPv6: 0, Min Delay: 99 ms, Max Speed: 28.56 M/s, Avg Speed: 6.83 M/s, Max Resolution: 1920x1080
Category: 央视频道, Name: CCTV-16, Total: 7, Valid: 7, Valid Percent: 100.00%, Whitelist: 0, IPv4: 7, IPv6: 0, Min Delay: 34 ms, Max Speed: 30.85 M/s, Avg Speed: 5.83 M/s, Max Resolution: 1920x1080
Category: 央视频道, Name: CCTV-14, Total: 11, Valid: 11, Valid Percent: 100.00%, Whitelist: 0, IPv4: 11, IPv6: 0, Min Delay: 93 ms, Max Speed: 29.61 M/s, Avg Speed: 4.22 M/s, Max Resolution: 1920x1080
Category: 卫视频道, Name: 浙江卫视, Total: 13, Valid: 12, Valid Percent: 92.31%, Whitelist: 0, IPv4: 13, IPv6: 0, Min Delay: 34 ms, Max Speed: 31.13 M/s, Avg Speed: 6.91 M/s, Max Resolution: 1920x1080
Category: 卫视频道, Name: 广东卫视, Total: 5, Valid: 5, Valid Percent: 100.00%, Whitelist: 0, IPv4: 5, IPv6: 0, Min Delay: 89 ms, Max Speed: 25.66 M/s, Avg Speed: 6.69 M/s, Max Resolution: 1920x1080
Category: 卫视频道, Name: 湖南卫视, Total: 12, Valid: 12, Valid Percent: 100.00%, Whitelist: 0, IPv4: 12, IPv6: 0, Min Delay: 31 ms, Max Speed: 33.99 M/s, Avg Speed: 6.14 M/s, Max Resolution: 3840x2160
Category: 卫视频道, Name: 湖北卫视, Total: 4, Valid: 4, Valid Percent: 100.00%, Whitelist: 0, IPv4: 4, IPv6: 0, Min Delay: 1265 ms, Max Speed: 6.03 M/s, Avg Speed: 1.60 M/s, Max Resolution: 1920x1080
Category: 卫视频道, Name: 北京卫视, Total: 11, Valid: 11, Valid Percent: 100.00%, Whitelist: 0, IPv4: 11, IPv6: 0, Min Delay: 34 ms, Max Speed: 26.16 M/s, Avg Speed: 5.96 M/s, Max Resolution: 3840x2160
Category: 卫视频道, Name: 黑龙江卫视, Total: 6, Valid: 6, Valid Percent: 100.00%, Whitelist: 0, IPv4: 6, IPv6: 0, Min Delay: 29 ms, Max Speed: 34.74 M/s, Avg Speed: 6.00 M/s, Max Resolution: 1920x1080
Category: 卫视频道, Name: 东方卫视, Total: 7, Valid: 7, Valid Percent: 100.00%, Whitelist: 0, IPv4: 7, IPv6: 0, Min Delay: 92 ms, Max Speed: 21.28 M/s, Avg Speed: 7.44 M/s, Max Resolution: 1920x1080
Category: 卫视频道, Name: 安徽卫视, Total: 8, Valid: 8, Valid Percent: 100.00%, Whitelist: 0, IPv4: 8, IPv6: 0, Min Delay: 28 ms, Max Speed: 34.04 M/s, Avg Speed: 4.90 M/s, Max Resolution: 1920x1080
Category: 卫视频道, Name: 东南卫视, Total: 7, Valid: 6, Valid Percent: 85.71%, Whitelist: 0, IPv4: 7, IPv6: 0, Min Delay: 83 ms, Max Speed: 20.62 M/s, Avg Speed: 3.84 M/s, Max Resolution: 1920x1080
Category: 卫视频道, Name: 甘肃卫视, Total: 4, Valid: 4, Valid Percent: 100.00%, Whitelist: 0, IPv4: 4, IPv6: 0, Min Delay: 26 ms, Max Speed: 35.09 M/s, Avg Speed: 10.13 M/s, Max Resolution: 1920x1080
Category: 卫视频道, Name: 重庆卫视, Total: 8, Valid: 7, Valid Percent: 87.50%, Whitelist: 0, IPv4: 8, IPv6: 0, Min Delay: 153 ms, Max Speed: 19.47 M/s, Avg Speed: 2.84 M/s, Max Resolution: 1920x1080
Category: 卫视频道, Name: 广西卫视, Total: 7, Valid: 7, Valid Percent: 100.00%, Whitelist: 0, IPv4: 7, IPv6: 0, Min Delay: 44 ms, Max Speed: 24.21 M/s, Avg Speed: 9.93 M/s, Max Resolution: 1920x1080
Category: 卫视频道, Name: 贵州卫视, Total: 5, Valid: 5, Valid Percent: 100.00%, Whitelist: 0, IPv4: 5, IPv6: 0, Min Delay: 35 ms, Max Speed: 31.36 M/s, Avg Speed: 8.20 M/s, Max Resolution: 1920x1080
Category: 卫视频道, Name: 海南卫视, Total: 3, Valid: 3, Valid Percent: 100.00%, Whitelist: 0, IPv4: 3, IPv6: 0, Min Delay: 10440 ms, Max Speed: 0.36 M/s, Avg Speed: 0.22 M/s, Max Resolution: 1920x1080
Category: 卫视频道, Name: 河北卫视, Total: 8, Valid: 8, Valid Percent: 100.00%, Whitelist: 0, IPv4: 8, IPv6: 0, Min Delay: 97 ms, Max Speed: 25.33 M/s, Avg Speed: 3.25 M/s, Max Resolution: 1920x1080
Category: 卫视频道, Name: 河南卫视, Total: 10, Valid: 9, Valid Percent: 90.00%, Whitelist: 0, IPv4: 10, IPv6: 0, Min Delay: 291 ms, Max Speed: 2.94 M/s, Avg Speed: 0.42 M/s, Max Resolution: 1920x1080
Category: 卫视频道, Name: 吉林卫视, Total: 4, Valid: 4, Valid Percent: 100.00%, Whitelist: 0, IPv4: 4, IPv6: 0, Min Delay: 98 ms, Max Speed: 30.70 M/s, Avg Speed: 9.91 M/s, Max Resolution: 1920x1080
Category: 卫视频道, Name: 江西卫视, Total: 6, Valid: 5, Valid Percent: 83.33%, Whitelist: 0, IPv4: 6, IPv6: 0, Min Delay: 95 ms, Max Speed: 26.69 M/s, Avg Speed: 6.01 M/s, Max Resolution: 1920x1080
Category: 卫视频道, Name: 青海卫视, Total: 2, Valid: 2, Valid Percent: 100.00%, Whitelist: 0, IPv4: 2, IPv6: 0, Min Delay: 91 ms, Max Speed: 35.80 M/s, Avg Speed: 20.65 M/s, Max Resolution: 1920x1080
Category: 卫视频道, Name: 内蒙古卫视, Total: 3, Valid: 3, Valid Percent: 100.00%, Whitelist: 0, IPv4: 3, IPv6: 0, Min Delay: 28 ms, Max Speed: 34.54 M/s, Avg Speed: 13.43 M/s, Max Resolution: 1920x1080
Category: 卫视频道, Name: 江苏卫视, Total: 8, Valid: 8, Valid Percent: 100.00%, Whitelist: 0, IPv4: 8, IPv6: 0, Min Delay: 502 ms, Max Speed: 6.49 M/s, Avg Speed: 1.23 M/s, Max Resolution: 1920x1080
Category: 卫视频道, Name: 辽宁卫视, Total: 8, Valid: 8, Valid Percent: 100.00%, Whitelist: 0, IPv4: 8, IPv6: 0, Min Delay: 86 ms, Max Speed: 18.93 M/s, Avg Speed: 3.00 M/s, Max Resolution: 1920x1080
Category: 卫视频道, Name: 山西卫视, Total: 3, Valid: 3, Valid Percent: 100.00%, Whitelist: 0, IPv4: 3, IPv6: 0, Min Delay: 596 ms, Max Speed: 7.51 M/s, Avg Speed: 2.61 M/s, Max Resolution: 1920x1080
Category: 卫视频道, Name: 山东卫视, Total: 7, Valid: 7, Valid Percent: 100.00%, Whitelist: 0, IPv4: 7, IPv6: 0, Min Delay: 29 ms, Max Speed: 32.77 M/s, Avg Speed: 5.53 M/s, Max Resolution: 1920x1080
Category: 卫视频道, Name: 陕西卫视, Total: 5, Valid: 5, Valid Percent: 100.00%, Whitelist: 0, IPv4: 5, IPv6: 0, Min Delay: 585 ms, Max Speed: 7.66 M/s, Avg Speed: 1.71 M/s, Max Resolution: 1920x1080
Category: 卫视频道, Name: 三沙卫视, Total: 1, Valid: 1, Valid Percent: 100.00%, Whitelist: 0, IPv4: 1, IPv6: 0, Min Delay: 645 ms, Max Speed: 8.02 M/s, Avg Speed: 8.02 M/s, Max Resolution: 1920x1080
Category: 卫视频道, Name: 四川卫视, Total: 10, Valid: 10, Valid Percent: 100.00%, Whitelist: 0, IPv4: 10, IPv6: 0, Min Delay: 29 ms, Max Speed: 33.44 M/s, Avg Speed: 4.18 M/s, Max Resolution: 1920x1080
Category: 卫视频道, Name: 新疆卫视, Total: 2, Valid: 2, Valid Percent: 100.00%, Whitelist: 0, IPv4: 2, IPv6: 0, Min Delay: 31 ms, Max Speed: 31.93 M/s, Avg Speed: 18.09 M/s, Max Resolution: 1920x1080
Category: 卫视频道, Name: 深圳卫视, Total: 12, Valid: 12, Valid Percent: 100.00%, Whitelist: 0, IPv4: 12, IPv6: 0, Min Delay: 27 ms, Max Speed: 36.58 M/s, Avg Speed: 4.33 M/s, Max Resolution: 1920x1080
Category: 卫视频道, Name: 西藏卫视, Total: 4, Valid: 4, Valid Percent: 100.00%, Whitelist: 0, IPv4: 4, IPv6: 0, Min Delay: 28 ms, Max Speed: 34.98 M/s, Avg Speed: 8.88 M/s, Max Resolution: 1920x1080
Category: 卫视频道, Name: 云南卫视, Total: 7, Valid: 7, Valid Percent: 100.00%, Whitelist: 0, IPv4: 7, IPv6: 0, Min Delay: 29 ms, Max Speed: 34.68 M/s, Avg Speed: 9.43 M/s, Max Resolution: 1920x1080
Category: 卫视频道, Name: 天津卫视, Total: 13, Valid: 13, Valid Percent: 100.00%, Whitelist: 0, IPv4: 13, IPv6: 0, Min Delay: 99 ms, Max Speed: 24.46 M/s, Avg Speed: 3.20 M/s, Max Resolution: 1920x1080
